# JRE version: OpenJDK Runtime Environment Temurin-21.0.3+9 (21.0.3+9) (build 21.0.3+9-LTS)
# Java VM: OpenJDK 64-Bit Server VM Temurin-21.0.3+9 (21.0.3+9-LTS, mixed mode, emulated-client, tiered, compressed oops, compressed class ptrs, g1 gc, windows-amd64)
GC Precious Log:
 CardTable entry size: 512
 Card Set container configuration: InlinePtr #cards 5 size 8 Array Of Cards #cards 12 size 40 Howl #buckets 4 coarsen threshold 1843 Howl Bitmap #cards 512 size 80 coarsen threshold 460 Card regions per heap region 1 cards per card region 2048
 CPUs: 8 total, 8 available
 Memory: 8062M
 Large Page Support: Disabled
 NUMA Support: Disabled
 Compressed Oops: Enabled (32-bit)
 Heap Region Size: 1M
 Heap Min Capacity: 8M
 Heap Initial Capacity: 126M
 Heap Max Capacity: 2016M
 Pre-touch: Disabled
 Parallel Workers: 8
 Concurrent Workers: 2
 Concurrent Refinement Workers: 8
 Periodic GC: Disabled
Heap:
 garbage-first heap   total 86016K, used 49892K [0x0000000082000000, 0x0000000100000000)
  region size 1024K, 27 young (27648K), 4 survivors (4096K)
 Metaspace       used 68880K, committed 69632K, reserved 1114112K
  class space    used 9073K, committed 9408K, reserved 1048576K
GC Heap History (20 events):
Event: 5.090 GC heap before
{Heap before GC invocations=14 (full 0):
 garbage-first heap   total 59392K, used 48682K [0x0000000082000000, 0x0000000100000000)
  region size 1024K, 34 young (34816K), 4 survivors (4096K)
 Metaspace       used 39562K, committed 40064K, reserved 1114112K
  class space    used 4802K, committed 4992K, reserved 1048576K
}
Event: 5.096 GC heap after
{Heap after GC invocations=15 (full 0):
 garbage-first heap   total 59392K, used 18926K [0x0000000082000000, 0x0000000100000000)
  region size 1024K, 4 young (4096K), 4 survivors (4096K)
 Metaspace       used 39562K, committed 40064K, reserved 1114112K
  class space    used 4802K, committed 4992K, reserved 1048576K
}
Event: 5.585 GC heap before
{Heap before GC invocations=15 (full 0):
 garbage-first heap   total 59392K, used 49646K [0x0000000082000000, 0x0000000100000000)
  region size 1024K, 34 young (34816K), 4 survivors (4096K)
 Metaspace       used 41991K, committed 42560K, reserved 1114112K
  class space    used 5213K, committed 5440K, reserved 1048576K
}
Event: 5.592 GC heap after
{Heap after GC invocations=16 (full 0):
 garbage-first heap   total 59392K, used 20748K [0x0000000082000000, 0x0000000100000000)
  region size 1024K, 5 young (5120K), 5 survivors (5120K)
 Metaspace       used 41991K, committed 42560K, reserved 1114112K
  class space    used 5213K, committed 5440K, reserved 1048576K
}
Event: 6.043 GC heap before
{Heap before GC invocations=16 (full 0):
 garbage-first heap   total 59392K, used 47372K [0x0000000082000000, 0x0000000100000000)
  region size 1024K, 32 young (32768K), 5 survivors (5120K)
 Metaspace       used 44127K, committed 44736K, reserved 1114112K
  class space    used 5450K, committed 5760K, reserved 1048576K
}
Event: 6.050 GC heap after
{Heap after GC invocations=17 (full 0):
 garbage-first heap   total 59392K, used 22079K [0x0000000082000000, 0x0000000100000000)
  region size 1024K, 4 young (4096K), 4 survivors (4096K)
 Metaspace       used 44127K, committed 44736K, reserved 1114112K
  class space    used 5450K, committed 5760K, reserved 1048576K
}
Event: 6.369 GC heap before
{Heap before GC invocations=17 (full 0):
 garbage-first heap   total 59392K, used 48703K [0x0000000082000000, 0x0000000100000000)
  region size 1024K, 31 young (31744K), 4 survivors (4096K)
 Metaspace       used 46707K, committed 47360K, reserved 1114112K
  class space    used 5737K, committed 6016K, reserved 1048576K
}
Event: 6.374 GC heap after
{Heap after GC invocations=18 (full 0):
 garbage-first heap   total 71680K, used 23082K [0x0000000082000000, 0x0000000100000000)
  region size 1024K, 3 young (3072K), 3 survivors (3072K)
 Metaspace       used 46707K, committed 47360K, reserved 1114112K
  class space    used 5737K, committed 6016K, reserved 1048576K
}
Event: 7.040 GC heap before
{Heap before GC invocations=18 (full 0):
 garbage-first heap   total 71680K, used 61994K [0x0000000082000000, 0x0000000100000000)
  region size 1024K, 42 young (43008K), 3 survivors (3072K)
 Metaspace       used 50346K, committed 50944K, reserved 1114112K
  class space    used 6202K, committed 6464K, reserved 1048576K
}
Event: 7.045 GC heap after
{Heap after GC invocations=19 (full 0):
 garbage-first heap   total 71680K, used 24509K [0x0000000082000000, 0x0000000100000000)
  region size 1024K, 4 young (4096K), 4 survivors (4096K)
 Metaspace       used 50346K, committed 50944K, reserved 1114112K
  class space    used 6202K, committed 6464K, reserved 1048576K
}
Event: 7.573 GC heap before
{Heap before GC invocations=19 (full 0):
 garbage-first heap   total 71680K, used 62397K [0x0000000082000000, 0x0000000100000000)
  region size 1024K, 41 young (41984K), 4 survivors (4096K)
 Metaspace       used 53495K, committed 54144K, reserved 1114112K
  class space    used 6762K, committed 7040K, reserved 1048576K
}
Event: 7.578 GC heap after
{Heap after GC invocations=20 (full 0):
 garbage-first heap   total 71680K, used 25368K [0x0000000082000000, 0x0000000100000000)
  region size 1024K, 4 young (4096K), 4 survivors (4096K)
 Metaspace       used 53495K, committed 54144K, reserved 1114112K
  class space    used 6762K, committed 7040K, reserved 1048576K
}
Event: 8.058 GC heap before
{Heap before GC invocations=20 (full 0):
 garbage-first heap   total 71680K, used 62232K [0x0000000082000000, 0x0000000100000000)
  region size 1024K, 40 young (40960K), 4 survivors (4096K)
 Metaspace       used 56867K, committed 57472K, reserved 1114112K
  class space    used 7257K, committed 7552K, reserved 1048576K
}
Event: 8.063 GC heap after
{Heap after GC invocations=21 (full 0):
 garbage-first heap   total 71680K, used 26010K [0x0000000082000000, 0x0000000100000000)
  region size 1024K, 4 young (4096K), 4 survivors (4096K)
 Metaspace       used 56867K, committed 57472K, reserved 1114112K
  class space    used 7257K, committed 7552K, reserved 1048576K
}
Event: 8.468 GC heap before
{Heap before GC invocations=21 (full 0):
 garbage-first heap   total 71680K, used 55706K [0x0000000082000000, 0x0000000100000000)
  region size 1024K, 34 young (34816K), 4 survivors (4096K)
 Metaspace       used 59498K, committed 60096K, reserved 1114112K
  class space    used 7590K, committed 7872K, reserved 1048576K
}
Event: 8.473 GC heap after
{Heap after GC invocations=22 (full 0):
 garbage-first heap   total 71680K, used 26452K [0x0000000082000000, 0x0000000100000000)
  region size 1024K, 2 young (2048K), 2 survivors (2048K)
 Metaspace       used 59498K, committed 60096K, reserved 1114112K
  class space    used 7590K, committed 7872K, reserved 1048576K
}
Event: 8.981 GC heap before
{Heap before GC invocations=23 (full 0):
 garbage-first heap   total 71680K, used 65364K [0x0000000082000000, 0x0000000100000000)
  region size 1024K, 40 young (40960K), 2 survivors (2048K)
 Metaspace       used 63973K, committed 64640K, reserved 1114112K
  class space    used 8247K, committed 8576K, reserved 1048576K
}
Event: 8.986 GC heap after
{Heap after GC invocations=24 (full 0):
 garbage-first heap   total 71680K, used 27083K [0x0000000082000000, 0x0000000100000000)
  region size 1024K, 3 young (3072K), 3 survivors (3072K)
 Metaspace       used 63973K, committed 64640K, reserved 1114112K
  class space    used 8247K, committed 8576K, reserved 1048576K
}
Event: 9.512 GC heap before
{Heap before GC invocations=24 (full 0):
 garbage-first heap   total 71680K, used 63947K [0x0000000082000000, 0x0000000100000000)
  region size 1024K, 39 young (39936K), 3 survivors (3072K)
 Metaspace       used 66939K, committed 67712K, reserved 1114112K
  class space    used 8804K, committed 9152K, reserved 1048576K
}
Event: 9.518 GC heap after
{Heap after GC invocations=25 (full 0):
 garbage-first heap   total 86016K, used 27364K [0x0000000082000000, 0x0000000100000000)
  region size 1024K, 4 young (4096K), 4 survivors (4096K)
 Metaspace       used 66939K, committed 67712K, reserved 1114112K
  class space    used 8804K, committed 9152K, reserved 1048576K
}

